ERROR - 2023-06-05 00:47:27 --> Error connecting to the database: mysqli_sql_exception: No connection could be made because the target machine actively refused it in D:\cvsu\SECOND SEM SY 2022-2023\ITEC 106 WEB SYSTEM AND TECHNOLOGIES 2\activities\practical exam\orig\system\Database\MySQLi\Connection.php:174
Stack trace:
#0 D:\cvsu\SECOND SEM SY 2022-2023\ITEC 106 WEB SYSTEM AND TECHNOLOGIES 2\activities\practical exam\orig\system\Database\MySQLi\Connection.php(174): mysqli->real_connect('localhost', 'root', '', 'ci4_practical', 3306, '', 0)
#1 D:\cvsu\SECOND SEM SY 2022-2023\ITEC 106 WEB SYSTEM AND TECHNOLOGIES 2\activities\practical exam\orig\system\Database\BaseConnection.php(391): CodeIgniter\Database\MySQLi\Connection->connect(false)
#2 D:\cvsu\SECOND SEM SY 2022-2023\ITEC 106 WEB SYSTEM AND TECHNOLOGIES 2\activities\practical exam\orig\system\Database\BaseConnection.php(573): CodeIgniter\Database\BaseConnection->initialize()
#3 D:\cvsu\SECOND SEM SY 2022-2023\ITEC 106 WEB SYSTEM AND TECHNOLOGIES 2\activities\practical exam\orig\system\Database\BaseBuilder.php(1602): CodeIgniter\Database\BaseConnection->query('SELECT *\nFROM `...', Array, false)
#4 D:\cvsu\SECOND SEM SY 2022-2023\ITEC 106 WEB SYSTEM AND TECHNOLOGIES 2\activities\practical exam\orig\system\Model.php(240): CodeIgniter\Database\BaseBuilder->get()
#5 D:\cvsu\SECOND SEM SY 2022-2023\ITEC 106 WEB SYSTEM AND TECHNOLOGIES 2\activities\practical exam\orig\system\BaseModel.php(618): CodeIgniter\Model->doFindAll(0, 0)
#6 D:\cvsu\SECOND SEM SY 2022-2023\ITEC 106 WEB SYSTEM AND TECHNOLOGIES 2\activities\practical exam\orig\app\Controllers\Home.php(21): CodeIgniter\BaseModel->findAll()
#7 D:\cvsu\SECOND SEM SY 2022-2023\ITEC 106 WEB SYSTEM AND TECHNOLOGIES 2\activities\practical exam\orig\system\CodeIgniter.php(934): App\Controllers\Home->index()
#8 D:\cvsu\SECOND SEM SY 2022-2023\ITEC 106 WEB SYSTEM AND TECHNOLOGIES 2\activities\practical exam\orig\system\CodeIgniter.php(499): CodeIgniter\CodeIgniter->runController(Object(App\Controllers\Home))
#9 D:\cvsu\SECOND SEM SY 2022-2023\ITEC 106 WEB SYSTEM AND TECHNOLOGIES 2\activities\practical exam\orig\system\CodeIgniter.php(368): CodeIgniter\CodeIgniter->handleRequest(NULL, Object(Config\Cache), false)
#10 D:\cvsu\SECOND SEM SY 2022-2023\ITEC 106 WEB SYSTEM AND TECHNOLOGIES 2\activities\practical exam\orig\public\index.php(67): CodeIgniter\CodeIgniter->run()
#11 D:\cvsu\SECOND SEM SY 2022-2023\ITEC 106 WEB SYSTEM AND TECHNOLOGIES 2\activities\practical exam\orig\system\Commands\Server\rewrite.php(47): require_once('D:\\cvsu\\SECOND ...')
#12 {main}

Next CodeIgniter\Database\Exceptions\DatabaseException: No connection could be made because the target machine actively refused it in D:\cvsu\SECOND SEM SY 2022-2023\ITEC 106 WEB SYSTEM AND TECHNOLOGIES 2\activities\practical exam\orig\system\Database\MySQLi\Connection.php:218
Stack trace:
#0 D:\cvsu\SECOND SEM SY 2022-2023\ITEC 106 WEB SYSTEM AND TECHNOLOGIES 2\activities\practical exam\orig\system\Database\BaseConnection.php(391): CodeIgniter\Database\MySQLi\Connection->connect(false)
#1 D:\cvsu\SECOND SEM SY 2022-2023\ITEC 106 WEB SYSTEM AND TECHNOLOGIES 2\activities\practical exam\orig\system\Database\BaseConnection.php(573): CodeIgniter\Database\BaseConnection->initialize()
#2 D:\cvsu\SECOND SEM SY 2022-2023\ITEC 106 WEB SYSTEM AND TECHNOLOGIES 2\activities\practical exam\orig\system\Database\BaseBuilder.php(1602): CodeIgniter\Database\BaseConnection->query('SELECT *\nFROM `...', Array, false)
#3 D:\cvsu\SECOND SEM SY 2022-2023\ITEC 106 WEB SYSTEM AND TECHNOLOGIES 2\activities\practical exam\orig\system\Model.php(240): CodeIgniter\Database\BaseBuilder->get()
#4 D:\cvsu\SECOND SEM SY 2022-2023\ITEC 106 WEB SYSTEM AND TECHNOLOGIES 2\activities\practical exam\orig\system\BaseModel.php(618): CodeIgniter\Model->doFindAll(0, 0)
#5 D:\cvsu\SECOND SEM SY 2022-2023\ITEC 106 WEB SYSTEM AND TECHNOLOGIES 2\activities\practical exam\orig\app\Controllers\Home.php(21): CodeIgniter\BaseModel->findAll()
#6 D:\cvsu\SECOND SEM SY 2022-2023\ITEC 106 WEB SYSTEM AND TECHNOLOGIES 2\activities\practical exam\orig\system\CodeIgniter.php(934): App\Controllers\Home->index()
#7 D:\cvsu\SECOND SEM SY 2022-2023\ITEC 106 WEB SYSTEM AND TECHNOLOGIES 2\activities\practical exam\orig\system\CodeIgniter.php(499): CodeIgniter\CodeIgniter->runController(Object(App\Controllers\Home))
#8 D:\cvsu\SECOND SEM SY 2022-2023\ITEC 106 WEB SYSTEM AND TECHNOLOGIES 2\activities\practical exam\orig\system\CodeIgniter.php(368): CodeIgniter\CodeIgniter->handleRequest(NULL, Object(Config\Cache), false)
#9 D:\cvsu\SECOND SEM SY 2022-2023\ITEC 106 WEB SYSTEM AND TECHNOLOGIES 2\activities\practical exam\orig\public\index.php(67): CodeIgniter\CodeIgniter->run()
#10 D:\cvsu\SECOND SEM SY 2022-2023\ITEC 106 WEB SYSTEM AND TECHNOLOGIES 2\activities\practical exam\orig\system\Commands\Server\rewrite.php(47): require_once('D:\\cvsu\\SECOND ...')
#11 {main}
CRITICAL - 2023-06-05 00:47:27 --> Unable to connect to the database.
Main connection [MySQLi]: No connection could be made because the target machine actively refused it
in SYSTEMPATH\Database\BaseConnection.php on line 427.
 1 SYSTEMPATH\Database\BaseConnection.php(573): CodeIgniter\Database\BaseConnection->initialize()
 2 SYSTEMPATH\Database\BaseBuilder.php(1602): CodeIgniter\Database\BaseConnection->query('SELECT *
FROM `tb_users`', [], false)
 3 SYSTEMPATH\Model.php(240): CodeIgniter\Database\BaseBuilder->get()
 4 SYSTEMPATH\BaseModel.php(618): CodeIgniter\Model->doFindAll(0, 0)
 5 APPPATH\Controllers\Home.php(21): CodeIgniter\BaseModel->findAll()
 6 SYSTEMPATH\CodeIgniter.php(934): App\Controllers\Home->index()
 7 SYSTEMPATH\CodeIgniter.php(499): CodeIgniter\CodeIgniter->runController(Object(App\Controllers\Home))
 8 SYSTEMPATH\CodeIgniter.php(368): CodeIgniter\CodeIgniter->handleRequest(null, Object(Config\Cache), false)
 9 FCPATH\index.php(67): CodeIgniter\CodeIgniter->run()
10 SYSTEMPATH\Commands\Server\rewrite.php(47): require_once('FCPATH\\index.php')
